<?xml version="1.0" encoding="UTF-8"?>
<!-- Generated by org.testng.reporters.JUnitReportReporter -->
<testsuite hostname="NJ" failures="0" tests="1" name="test.CreateTest" time="1.840" errors="0" timestamp="2023-06-08T15:09:44 IST" skipped="0">
  <testcase classname="test.CreateTest" name="createtest" time="1.840"/>
  <system-out/>
</testsuite> <!-- test.CreateTest -->
