<?xml version="1.0" encoding="UTF-8"?>
<!-- Generated by org.testng.reporters.JUnitReportReporter -->
<testsuite hostname="NJ" failures="0" tests="1" name="TestNgPgms.ebaysite" time="18.950" errors="0" timestamp="2023-05-30T14:22:20 IST" skipped="0">
  <testcase classname="TestNgPgms.ebaysite" name="testing" time="18.950"/>
  <system-out/>
</testsuite> <!-- TestNgPgms.ebaysite -->
