<?xml version="1.0" encoding="UTF-8"?>
<!-- Generated by org.testng.reporters.JUnitReportReporter -->
<testsuite hostname="NJ" failures="0" tests="1" name="TestNgPgms.Demoguru" time="1.399" errors="0" timestamp="2023-06-12T14:17:13 IST" skipped="0">
  <testcase classname="TestNgPgms.Demoguru" name="testing" time="1.399"/>
  <system-out/>
</testsuite> <!-- TestNgPgms.Demoguru -->
