<?xml version="1.0" encoding="UTF-8"?>
<!-- Generated by org.testng.reporters.JUnitReportReporter -->
<testsuite hostname="NJ" failures="0" tests="2" name="TestNgPgms.DemotestNG" time="1.896" errors="0" timestamp="2023-05-25T14:42:45 IST" skipped="0">
  <testcase classname="TestNgPgms.DemotestNG" name="test2" time="1.273"/>
  <system-out/>
  <testcase classname="TestNgPgms.DemotestNG" name="test1" time="0.623"/>
  <system-out/>
</testsuite> <!-- TestNgPgms.DemotestNG -->
