<?xml version="1.0" encoding="UTF-8"?>
<!-- Generated by org.testng.reporters.JUnitReportReporter -->
<testsuite hostname="NJ" failures="0" tests="1" name="TestNgPgms.DragandDrop" time="23.894" errors="0" timestamp="2023-05-29T14:38:01 IST" skipped="0">
  <testcase classname="TestNgPgms.DragandDrop" name="testing" time="23.894"/>
  <system-out/>
</testsuite> <!-- TestNgPgms.DragandDrop -->
