<?xml version="1.0" encoding="UTF-8"?>
<!-- Generated by org.testng.reporters.JUnitReportReporter -->
<testsuite hostname="NJ" failures="0" tests="1" name="TestNgPgms.ParameterPgm" time="0.009" errors="0" timestamp="2023-05-31T14:08:30 IST" skipped="0">
  <testcase classname="TestNgPgms.ParameterPgm" name="testing" time="0.009"/>
  <system-out/>
</testsuite> <!-- TestNgPgms.ParameterPgm -->
