<?xml version="1.0" encoding="UTF-8"?>
<!-- Generated by org.testng.reporters.JUnitReportReporter -->
<testsuite hostname="NJ" failures="0" tests="1" name="TestNgPgms.FileUpload" time="3.913" errors="0" timestamp="2023-06-07T12:34:15 IST" skipped="0">
  <testcase classname="TestNgPgms.FileUpload" name="testing" time="3.913"/>
  <system-out/>
</testsuite> <!-- TestNgPgms.FileUpload -->
