<?xml version="1.0" encoding="UTF-8"?>
<!-- Generated by org.testng.reporters.JUnitReportReporter -->
<testsuite hostname="NJ" failures="0" tests="2" name="TestNgPgms.CrossBrowser" time="3.469" errors="0" timestamp="2023-05-31T14:38:10 IST" skipped="0">
  <testcase classname="TestNgPgms.CrossBrowser" name="teting" time="1.695"/>
  <system-out/>
  <testcase classname="TestNgPgms.CrossBrowser" name="teting" time="1.774"/>
  <system-out/>
</testsuite> <!-- TestNgPgms.CrossBrowser -->
