<?xml version="1.0" encoding="UTF-8"?>
<!-- Generated by org.testng.reporters.JUnitReportReporter -->
<testsuite hostname="NJ" failures="0" tests="1" name="TestNgPgms.DataDrivenTesting" time="1.899" errors="0" timestamp="2023-06-01T14:39:39 IST" skipped="0">
  <testcase classname="TestNgPgms.DataDrivenTesting" name="testing" time="1.899"/>
  <system-out/>
</testsuite> <!-- TestNgPgms.DataDrivenTesting -->
