<?xml version="1.0" encoding="UTF-8"?>
<!-- Generated by org.testng.reporters.JUnitReportReporter -->
<testsuite hostname="NJ" failures="0" tests="2" name="TestNgPgms.AlwaysRunPg" time="1.702" errors="0" timestamp="2023-05-25T14:48:04 IST" skipped="1">
  <testcase classname="TestNgPgms.AlwaysRunPg" name="first" time="1.702"/>
  <system-out/>
  <testcase classname="TestNgPgms.AlwaysRunPg" name="second">
    <skipped/>
  </testcase> <!-- second -->
  <system-out/>
</testsuite> <!-- TestNgPgms.AlwaysRunPg -->
