<?xml version="1.0" encoding="UTF-8"?>
<!-- Generated by org.testng.reporters.JUnitReportReporter -->
<testsuite hostname="NJ" failures="0" tests="1" name="TestNgPgms.sample_dropdwn" time="3.375" errors="0" timestamp="2023-06-23T16:02:23 IST" skipped="0">
  <testcase classname="TestNgPgms.sample_dropdwn" name="testing" time="3.375"/>
  <system-out/>
</testsuite> <!-- TestNgPgms.sample_dropdwn -->
