<?xml version="1.0" encoding="UTF-8"?>
<!-- Generated by org.testng.reporters.JUnitReportReporter -->
<testsuite hostname="NJ" failures="0" tests="4" name="TestNgPgms.Invokepgm" time="3.064" errors="0" timestamp="2023-05-25T14:59:29 IST" skipped="0">
  <testcase classname="TestNgPgms.Invokepgm" name="login" time="0.498"/>
  <system-out/>
  <testcase classname="TestNgPgms.Invokepgm" name="login" time="0.489"/>
  <system-out/>
  <testcase classname="TestNgPgms.Invokepgm" name="login" time="0.580"/>
  <system-out/>
  <testcase classname="TestNgPgms.Invokepgm" name="regester" time="1.497"/>
  <system-out/>
</testsuite> <!-- TestNgPgms.Invokepgm -->
