<?xml version="1.0" encoding="UTF-8"?>
<!-- Generated by org.testng.reporters.JUnitReportReporter -->
<testsuite hostname="NJ" failures="0" tests="3" name="TestNgPgms.Grouppgm" time="0.008" errors="0" timestamp="2023-05-26T14:59:55 IST" skipped="0">
  <testcase classname="TestNgPgms.Grouppgm" name="test4" time="0.000"/>
  <system-out/>
  <testcase classname="TestNgPgms.Grouppgm" name="test1" time="0.006"/>
  <system-out/>
  <testcase classname="TestNgPgms.Grouppgm" name="test2" time="0.002"/>
  <system-out/>
</testsuite> <!-- TestNgPgms.Grouppgm -->
