<?xml version="1.0" encoding="UTF-8"?>
<!-- Generated by org.testng.reporters.JUnitReportReporter -->
<testsuite hostname="NJ" failures="0" tests="1" name="TestNgPgms.DropdownOptions" time="0.934" errors="0" timestamp="2023-06-18T22:21:08 IST" skipped="0">
  <testcase classname="TestNgPgms.DropdownOptions" name="testing" time="0.934"/>
  <system-out/>
</testsuite> <!-- TestNgPgms.DropdownOptions -->
