<?xml version="1.0" encoding="UTF-8"?>
<!-- Generated by org.testng.reporters.JUnitReportReporter -->
<testsuite hostname="NJ" failures="0" tests="2" name="TestNgPgms.Priority" time="2.015" errors="0" timestamp="2023-05-25T14:44:00 IST" skipped="0">
  <testcase classname="TestNgPgms.Priority" name="first" time="1.457"/>
  <system-out/>
  <testcase classname="TestNgPgms.Priority" name="second" time="0.558"/>
  <system-out/>
</testsuite> <!-- TestNgPgms.Priority -->
