<?xml version="1.0" encoding="UTF-8"?>
<!-- Generated by org.testng.reporters.JUnitReportReporter -->
<testsuite hostname="NJ" failures="0" tests="1" name="TestNgPgms.DropDown" time="5.510" errors="0" timestamp="2023-05-29T14:11:55 IST" skipped="0">
  <testcase classname="TestNgPgms.DropDown" name="testing" time="5.510"/>
  <system-out/>
</testsuite> <!-- TestNgPgms.DropDown -->
