<?xml version="1.0" encoding="UTF-8"?>
<!-- Generated by org.testng.reporters.JUnitReportReporter -->
<testsuite hostname="NJ" failures="0" tests="2" name="TestNgPgms.RediffSelect" time="13.112" errors="0" timestamp="2023-05-26T14:25:35 IST" skipped="0">
  <testcase classname="TestNgPgms.RediffSelect" name="testing" time="9.643"/>
  <system-out/>
  <testcase classname="TestNgPgms.RediffSelect" name="test2" time="3.469"/>
  <system-out/>
</testsuite> <!-- TestNgPgms.RediffSelect -->
