<?xml version="1.0" encoding="UTF-8"?>
<!-- Generated by org.testng.reporters.JUnitReportReporter -->
<testsuite hostname="NJ" failures="0" tests="1" name="TestNgPgms.Upoloadfilepgmguru" time="0.155" errors="0" timestamp="2023-05-31T14:54:23 IST" skipped="0">
  <testcase classname="TestNgPgms.Upoloadfilepgmguru" name="testing" time="0.155"/>
  <system-out/>
</testsuite> <!-- TestNgPgms.Upoloadfilepgmguru -->
